[0.013s] Invoking command in '/home/kol/Documents/Robots/learning/pub_sub_cpp/build/pub_sub': CMAKE_PREFIX_PATH=/home/kol/Documents/Robots/learning/pub_sub_py/install/pub_sub:/opt/ros/humble /usr/bin/cmake /home/kol/Documents/Robots/learning/pub_sub_cpp/src/pub_sub -DCMAKE_INSTALL_PREFIX=/home/kol/Documents/Robots/learning/pub_sub_cpp/install/pub_sub
[0.025s] -- Found ament_cmake: 1.3.10 (/opt/ros/humble/share/ament_cmake/cmake)
[0.143s] -- Found rclcpp: 16.0.10 (/opt/ros/humble/share/rclcpp/cmake)
[0.171s] -- Found rosidl_generator_c: 3.1.5 (/opt/ros/humble/share/rosidl_generator_c/cmake)
[0.173s] -- Found rosidl_adapter: 3.1.5 (/opt/ros/humble/share/rosidl_adapter/cmake)
[0.178s] -- Found rosidl_generator_cpp: 3.1.5 (/opt/ros/humble/share/rosidl_generator_cpp/cmake)
[0.187s] -- Using all available rosidl_typesupport_c: rosidl_typesupport_fastrtps_c;rosidl_typesupport_introspection_c
[0.200s] -- Using all available rosidl_typesupport_cpp: rosidl_typesupport_fastrtps_cpp;rosidl_typesupport_introspection_cpp
[0.234s] -- Found rmw_implementation_cmake: 6.1.2 (/opt/ros/humble/share/rmw_implementation_cmake/cmake)
[0.235s] -- Found rmw_fastrtps_cpp: 6.2.7 (/opt/ros/humble/share/rmw_fastrtps_cpp/cmake)
[0.333s] -- Using RMW implementation 'rmw_fastrtps_cpp' as default
[0.383s] -- Found turtlesim: 1.4.2 (/opt/ros/humble/share/turtlesim/cmake)
[0.421s] -- Found geometry_msgs: 4.2.4 (/opt/ros/humble/share/geometry_msgs/cmake)
[0.438s] -- Found ament_lint_auto: 0.12.11 (/opt/ros/humble/share/ament_lint_auto/cmake)
[0.520s] -- Added test 'cppcheck' to perform static code analysis on C / C++ code
[0.521s] -- Configured cppcheck include dirs: /home/kol/Documents/Robots/learning/pub_sub_cpp/src/pub_sub/include;/home/kol/Documents/Robots/learning/pub_sub_cpp/src/pub_sub/(;/home/kol/Documents/Robots/learning/pub_sub_cpp/src/pub_sub/)
[0.521s] -- Configured cppcheck exclude dirs and/or files: 
[0.522s] -- Added test 'lint_cmake' to check CMake code style
[0.523s] -- Added test 'uncrustify' to check C / C++ code style
[0.523s] -- Configured uncrustify additional arguments: 
[0.524s] -- Added test 'xmllint' to check XML markup files
[0.525s] -- Configuring done
[0.537s] -- Generating done
[0.539s] -- Build files have been written to: /home/kol/Documents/Robots/learning/pub_sub_cpp/build/pub_sub
[0.546s] Invoked command in '/home/kol/Documents/Robots/learning/pub_sub_cpp/build/pub_sub' returned '0': CMAKE_PREFIX_PATH=/home/kol/Documents/Robots/learning/pub_sub_py/install/pub_sub:/opt/ros/humble /usr/bin/cmake /home/kol/Documents/Robots/learning/pub_sub_cpp/src/pub_sub -DCMAKE_INSTALL_PREFIX=/home/kol/Documents/Robots/learning/pub_sub_cpp/install/pub_sub
[0.548s] Invoking command in '/home/kol/Documents/Robots/learning/pub_sub_cpp/build/pub_sub': CMAKE_PREFIX_PATH=/home/kol/Documents/Robots/learning/pub_sub_py/install/pub_sub:/opt/ros/humble /usr/bin/cmake --build /home/kol/Documents/Robots/learning/pub_sub_cpp/build/pub_sub -- -j4 -l4
[0.593s] [ 50%] [32mBuilding CXX object CMakeFiles/custom_publisher.dir/src/publisher.cpp.o[0m
[0.685s] [01m[K/home/kol/Documents/Robots/learning/pub_sub_cpp/src/pub_sub/src/publisher.cpp:5:10:[m[K [01;31m[Kfatal error: [m[Krclcpp.hpp: No such file or directory
[0.686s]     5 | #include [01;31m[K<rclcpp.hpp>[m[K
[0.686s]       |          [01;31m[K^~~~~~~~~~~~[m[K
[0.686s] compilation terminated.
[0.687s] gmake[2]: *** [CMakeFiles/custom_publisher.dir/build.make:76: CMakeFiles/custom_publisher.dir/src/publisher.cpp.o] Error 1
[0.687s] gmake[1]: *** [CMakeFiles/Makefile2:137: CMakeFiles/custom_publisher.dir/all] Error 2
[0.687s] gmake: *** [Makefile:146: all] Error 2
[0.689s] Invoked command in '/home/kol/Documents/Robots/learning/pub_sub_cpp/build/pub_sub' returned '2': CMAKE_PREFIX_PATH=/home/kol/Documents/Robots/learning/pub_sub_py/install/pub_sub:/opt/ros/humble /usr/bin/cmake --build /home/kol/Documents/Robots/learning/pub_sub_cpp/build/pub_sub -- -j4 -l4
