[0.064s] Invoking command in '/home/kol/Documents/Robotics/Tests/cpp_turtle/build/cpp_turtle': CMAKE_PREFIX_PATH=${CMAKE_PREFIX_PATH}:/opt/ros/humble /usr/bin/cmake --build /home/kol/Documents/Robotics/Tests/cpp_turtle/build/cpp_turtle -- -j4 -l4
[0.297s] [35m[1mConsolidate compiler generated dependencies of target pos_sub[0m
[0.333s] [ 50%] Built target pos_pub
[0.390s] [ 75%] [32mBuilding CXX object CMakeFiles/pos_sub.dir/src/subscriber.cpp.o[0m
[12.786s] In file included from [01m[K/opt/ros/humble/include/rclcpp/rclcpp/logging.hpp:24[m[K,
[12.786s]                  from [01m[K/opt/ros/humble/include/rclcpp/rclcpp/client.hpp:40[m[K,
[12.787s]                  from [01m[K/opt/ros/humble/include/rclcpp/rclcpp/callback_group.hpp:24[m[K,
[12.787s]                  from [01m[K/opt/ros/humble/include/rclcpp/rclcpp/any_executable.hpp:20[m[K,
[12.787s]                  from [01m[K/opt/ros/humble/include/rclcpp/rclcpp/memory_strategy.hpp:25[m[K,
[12.788s]                  from [01m[K/opt/ros/humble/include/rclcpp/rclcpp/memory_strategies.hpp:18[m[K,
[12.788s]                  from [01m[K/opt/ros/humble/include/rclcpp/rclcpp/executor_options.hpp:20[m[K,
[12.789s]                  from [01m[K/opt/ros/humble/include/rclcpp/rclcpp/executor.hpp:37[m[K,
[12.789s]                  from [01m[K/opt/ros/humble/include/rclcpp/rclcpp/executors/multi_threaded_executor.hpp:25[m[K,
[12.790s]                  from [01m[K/opt/ros/humble/include/rclcpp/rclcpp/executors.hpp:21[m[K,
[12.790s]                  from [01m[K/opt/ros/humble/include/rclcpp/rclcpp/rclcpp.hpp:155[m[K,
[12.791s]                  from [01m[K/home/kol/Documents/Robotics/Tests/cpp_turtle/src/cpp_turtle/src/subscriber.cpp:3[m[K:
[12.791s] [01m[K/home/kol/Documents/Robotics/Tests/cpp_turtle/src/cpp_turtle/src/subscriber.cpp:[m[K In member function â€˜[01m[Kvoid PoseSubscriber::topic_callback(const Pose&) const[m[Kâ€™:
[12.791s] [01m[K/home/kol/Documents/Robotics/Tests/cpp_turtle/src/cpp_turtle/src/subscriber.cpp:21:49:[m[K [01;31m[Kerror: [m[Kcannot convert â€˜[01m[Kconst _x_type[m[Kâ€™ {aka â€˜[01m[Kconst float[m[Kâ€™} to â€˜[01m[Kconst char*[m[Kâ€™
[12.792s]    21 |             RCLCPP_INFO(this->get_logger(), [01;31m[Kmsg.x[m[K, msg.angular_velocity);
[12.792s]       |                                             [01;31m[K~~~~^[m[K
[12.793s]       |                                                 [01;31m[K|[m[K
[12.793s]       |                                                 [01;31m[Kconst _x_type {aka const float}[m[K
[12.794s] In file included from [01m[K/opt/ros/humble/include/rmw/rmw/types.h:28[m[K,
[12.794s]                  from [01m[K/opt/ros/humble/include/rcl/rcl/types.h:20[m[K,
[12.795s]                  from [01m[K/opt/ros/humble/include/rcl/rcl/log_level.h:22[m[K,
[12.795s]                  from [01m[K/opt/ros/humble/include/rcl/rcl/arguments.h:21[m[K,
[12.796s]                  from [01m[K/opt/ros/humble/include/rcl/rcl/context.h:28[m[K,
[12.796s]                  from [01m[K/opt/ros/humble/include/rcl/rcl/guard_condition.h:26[m[K,
[12.796s]                  from [01m[K/opt/ros/humble/include/rclcpp/rclcpp/executor.hpp:30[m[K,
[12.797s]                  from [01m[K/opt/ros/humble/include/rclcpp/rclcpp/executors/multi_threaded_executor.hpp:25[m[K,
[12.797s]                  from [01m[K/opt/ros/humble/include/rclcpp/rclcpp/executors.hpp:21[m[K,
[12.798s]                  from [01m[K/opt/ros/humble/include/rclcpp/rclcpp/rclcpp.hpp:155[m[K,
[12.798s]                  from [01m[K/home/kol/Documents/Robotics/Tests/cpp_turtle/src/cpp_turtle/src/subscriber.cpp:3[m[K:
[12.798s] [01m[K/opt/ros/humble/include/rcutils/rcutils/logging.h:479:16:[m[K [01;36m[Knote: [m[K  initializing argument 4 of â€˜[01m[Kvoid rcutils_log(const rcutils_log_location_t*, int, const char*, const char*, ...)[m[Kâ€™
[12.798s]   479 |   [01;36m[Kconst char * format[m[K,
[12.799s]       |   [01;36m[K~~~~~~~~~~~~~^~~~~~[m[K
[22.608s] gmake[2]: *** [CMakeFiles/pos_sub.dir/build.make:76: CMakeFiles/pos_sub.dir/src/subscriber.cpp.o] Error 1
[22.609s] gmake[1]: *** [CMakeFiles/Makefile2:165: CMakeFiles/pos_sub.dir/all] Error 2
[22.610s] gmake: *** [Makefile:146: all] Error 2
[22.619s] Invoked command in '/home/kol/Documents/Robotics/Tests/cpp_turtle/build/cpp_turtle' returned '2': CMAKE_PREFIX_PATH=${CMAKE_PREFIX_PATH}:/opt/ros/humble /usr/bin/cmake --build /home/kol/Documents/Robotics/Tests/cpp_turtle/build/cpp_turtle -- -j4 -l4
