-- Found ament_cmake: 1.3.9 (/opt/ros/humble/share/ament_cmake/cmake)
-- Override CMake install command with custom implementation using symlinks instead of copying resources
-- Found rclcpp: 16.0.9 (/opt/ros/humble/share/rclcpp/cmake)
-- Found rosidl_generator_c: 3.1.5 (/opt/ros/humble/share/rosidl_generator_c/cmake)
-- Found rosidl_adapter: 3.1.5 (/opt/ros/humble/share/rosidl_adapter/cmake)
-- Found rosidl_generator_cpp: 3.1.5 (/opt/ros/humble/share/rosidl_generator_cpp/cmake)
-- Using all available rosidl_typesupport_c: rosidl_typesupport_fastrtps_c;rosidl_typesupport_introspection_c
-- Using all available rosidl_typesupport_cpp: rosidl_typesupport_fastrtps_cpp;rosidl_typesupport_introspection_cpp
-- Found rmw_implementation_cmake: 6.1.2 (/opt/ros/humble/share/rmw_implementation_cmake/cmake)
-- Found rmw_cyclonedds_cpp: 1.3.4 (/opt/ros/humble/share/rmw_cyclonedds_cpp/cmake)
-- Using RMW implementation 'rmw_cyclonedds_cpp' as default
-- Found geometry_msgs: 4.2.4 (/opt/ros/humble/share/geometry_msgs/cmake)
-- Found turtlesim: 1.4.2 (/opt/ros/humble/share/turtlesim/cmake)
-- Found ament_lint_auto: 0.12.11 (/opt/ros/humble/share/ament_lint_auto/cmake)
-- Added test 'cppcheck' to perform static code analysis on C / C++ code
-- Configured cppcheck include dirs: 
-- Configured cppcheck exclude dirs and/or files: 
-- Added test 'lint_cmake' to check CMake code style
-- Added test 'uncrustify' to check C / C++ code style
-- Configured uncrustify additional arguments: 
-- Added test 'xmllint' to check XML markup files
-- Configuring done
-- Generating done
-- Build files have been written to: /home/kol/Documents/Robotics/Tests/cpp_turtle/build/cpp_turtle
[35m[1mConsolidate compiler generated dependencies of target pos_pub[0m
[ 25%] [32mBuilding CXX object CMakeFiles/pos_sub.dir/src/subscriber.cpp.o[0m
[ 50%] [32mBuilding CXX object CMakeFiles/pos_pub.dir/src/publisher.cpp.o[0m
In file included from [01m[K/opt/ros/humble/include/rclcpp/rclcpp/logging.hpp:24[m[K,
                 from [01m[K/opt/ros/humble/include/rclcpp/rclcpp/client.hpp:40[m[K,
                 from [01m[K/opt/ros/humble/include/rclcpp/rclcpp/callback_group.hpp:24[m[K,
                 from [01m[K/opt/ros/humble/include/rclcpp/rclcpp/any_executable.hpp:20[m[K,
                 from [01m[K/opt/ros/humble/include/rclcpp/rclcpp/memory_strategy.hpp:25[m[K,
                 from [01m[K/opt/ros/humble/include/rclcpp/rclcpp/memory_strategies.hpp:18[m[K,
                 from [01m[K/opt/ros/humble/include/rclcpp/rclcpp/executor_options.hpp:20[m[K,
                 from [01m[K/opt/ros/humble/include/rclcpp/rclcpp/executor.hpp:37[m[K,
                 from [01m[K/opt/ros/humble/include/rclcpp/rclcpp/executors/multi_threaded_executor.hpp:25[m[K,
                 from [01m[K/opt/ros/humble/include/rclcpp/rclcpp/executors.hpp:21[m[K,
                 from [01m[K/opt/ros/humble/include/rclcpp/rclcpp/rclcpp.hpp:155[m[K,
                 from [01m[K/home/kol/Documents/Robotics/Tests/cpp_turtle/src/cpp_turtle/src/subscriber.cpp:3[m[K:
[01m[K/home/kol/Documents/Robotics/Tests/cpp_turtle/src/cpp_turtle/src/subscriber.cpp:[m[K In member function â€˜[01m[Kvoid PoseSubscriber::topic_callback(const Pose&) const[m[Kâ€™:
[01m[K/home/kol/Documents/Robotics/Tests/cpp_turtle/src/cpp_turtle/src/subscriber.cpp:21:60:[m[K [01;31m[Kerror: [m[Kâ€˜[01m[Kconst Pose[m[Kâ€™ {aka â€˜[01m[Kconst struct turtlesim::msg::Pose_<std::allocator<void> >[m[Kâ€™} has no member named â€˜[01m[Kdata[m[Kâ€™
   21 |             RCLCPP_INFO(this->get_logger(), "I heard", msg.[01;31m[Kdata[m[K.c_str());
      |                                                            [01;31m[K^~~~[m[K
[ 75%] [32m[1mLinking CXX executable pos_pub[0m
[ 75%] Built target pos_pub
gmake[2]: *** [CMakeFiles/pos_sub.dir/build.make:76: CMakeFiles/pos_sub.dir/src/subscriber.cpp.o] Error 1
gmake[1]: *** [CMakeFiles/Makefile2:165: CMakeFiles/pos_sub.dir/all] Error 2
gmake: *** [Makefile:146: all] Error 2
