[0.041s] Invoking command in '/home/kol/Documents/Robotics/Tests/cpp_turtle/build/cpp_turtle': CMAKE_PREFIX_PATH=${CMAKE_PREFIX_PATH}:/opt/ros/humble /usr/bin/cmake --build /home/kol/Documents/Robotics/Tests/cpp_turtle/build/cpp_turtle -- -j4 -l4
[0.130s] -- Found ament_cmake: 1.3.9 (/opt/ros/humble/share/ament_cmake/cmake)
[0.574s] -- Override CMake install command with custom implementation using symlinks instead of copying resources
[0.600s] -- Found rclcpp: 16.0.9 (/opt/ros/humble/share/rclcpp/cmake)
[0.720s] -- Found rosidl_generator_c: 3.1.5 (/opt/ros/humble/share/rosidl_generator_c/cmake)
[0.730s] -- Found rosidl_adapter: 3.1.5 (/opt/ros/humble/share/rosidl_adapter/cmake)
[0.752s] -- Found rosidl_generator_cpp: 3.1.5 (/opt/ros/humble/share/rosidl_generator_cpp/cmake)
[0.796s] -- Using all available rosidl_typesupport_c: rosidl_typesupport_fastrtps_c;rosidl_typesupport_introspection_c
[0.872s] -- Using all available rosidl_typesupport_cpp: rosidl_typesupport_fastrtps_cpp;rosidl_typesupport_introspection_cpp
[1.113s] -- Found rmw_implementation_cmake: 6.1.2 (/opt/ros/humble/share/rmw_implementation_cmake/cmake)
[1.118s] -- Found rmw_cyclonedds_cpp: 1.3.4 (/opt/ros/humble/share/rmw_cyclonedds_cpp/cmake)
[1.234s] -- Using RMW implementation 'rmw_cyclonedds_cpp' as default
[1.919s] -- Found geometry_msgs: 4.2.4 (/opt/ros/humble/share/geometry_msgs/cmake)
[2.111s] -- Found turtlesim: 1.4.2 (/opt/ros/humble/share/turtlesim/cmake)
[2.798s] -- Found ament_lint_auto: 0.12.11 (/opt/ros/humble/share/ament_lint_auto/cmake)
[3.104s] -- Added test 'cppcheck' to perform static code analysis on C / C++ code
[3.105s] -- Configured cppcheck include dirs: 
[3.105s] -- Configured cppcheck exclude dirs and/or files: 
[3.108s] -- Added test 'lint_cmake' to check CMake code style
[3.113s] -- Added test 'uncrustify' to check C / C++ code style
[3.114s] -- Configured uncrustify additional arguments: 
[3.114s] -- Added test 'xmllint' to check XML markup files
[3.121s] -- Configuring done
[3.188s] -- Generating done
[3.198s] -- Build files have been written to: /home/kol/Documents/Robotics/Tests/cpp_turtle/build/cpp_turtle
[3.413s] [35m[1mConsolidate compiler generated dependencies of target pos_pub[0m
[3.512s] [ 25%] [32mBuilding CXX object CMakeFiles/pos_sub.dir/src/subscriber.cpp.o[0m
[3.626s] [ 50%] [32mBuilding CXX object CMakeFiles/pos_pub.dir/src/publisher.cpp.o[0m
[14.472s] In file included from [01m[K/opt/ros/humble/include/rclcpp/rclcpp/logging.hpp:24[m[K,
[14.472s]                  from [01m[K/opt/ros/humble/include/rclcpp/rclcpp/client.hpp:40[m[K,
[14.473s]                  from [01m[K/opt/ros/humble/include/rclcpp/rclcpp/callback_group.hpp:24[m[K,
[14.473s]                  from [01m[K/opt/ros/humble/include/rclcpp/rclcpp/any_executable.hpp:20[m[K,
[14.475s]                  from [01m[K/opt/ros/humble/include/rclcpp/rclcpp/memory_strategy.hpp:25[m[K,
[14.475s]                  from [01m[K/opt/ros/humble/include/rclcpp/rclcpp/memory_strategies.hpp:18[m[K,
[14.476s]                  from [01m[K/opt/ros/humble/include/rclcpp/rclcpp/executor_options.hpp:20[m[K,
[14.477s]                  from [01m[K/opt/ros/humble/include/rclcpp/rclcpp/executor.hpp:37[m[K,
[14.477s]                  from [01m[K/opt/ros/humble/include/rclcpp/rclcpp/executors/multi_threaded_executor.hpp:25[m[K,
[14.478s]                  from [01m[K/opt/ros/humble/include/rclcpp/rclcpp/executors.hpp:21[m[K,
[14.478s]                  from [01m[K/opt/ros/humble/include/rclcpp/rclcpp/rclcpp.hpp:155[m[K,
[14.479s]                  from [01m[K/home/kol/Documents/Robotics/Tests/cpp_turtle/src/cpp_turtle/src/subscriber.cpp:3[m[K:
[14.479s] [01m[K/home/kol/Documents/Robotics/Tests/cpp_turtle/src/cpp_turtle/src/subscriber.cpp:[m[K In member function â€˜[01m[Kvoid PoseSubscriber::topic_callback(const Pose&) const[m[Kâ€™:
[14.480s] [01m[K/home/kol/Documents/Robotics/Tests/cpp_turtle/src/cpp_turtle/src/subscriber.cpp:21:60:[m[K [01;31m[Kerror: [m[Kâ€˜[01m[Kconst Pose[m[Kâ€™ {aka â€˜[01m[Kconst struct turtlesim::msg::Pose_<std::allocator<void> >[m[Kâ€™} has no member named â€˜[01m[Kdata[m[Kâ€™
[14.481s]    21 |             RCLCPP_INFO(this->get_logger(), "I heard", msg.[01;31m[Kdata[m[K.c_str());
[14.481s]       |                                                            [01;31m[K^~~~[m[K
[24.035s] [ 75%] [32m[1mLinking CXX executable pos_pub[0m
[24.964s] [ 75%] Built target pos_pub
[25.405s] gmake[2]: *** [CMakeFiles/pos_sub.dir/build.make:76: CMakeFiles/pos_sub.dir/src/subscriber.cpp.o] Error 1
[25.406s] gmake[1]: *** [CMakeFiles/Makefile2:165: CMakeFiles/pos_sub.dir/all] Error 2
[25.408s] gmake: *** [Makefile:146: all] Error 2
[25.416s] Invoked command in '/home/kol/Documents/Robotics/Tests/cpp_turtle/build/cpp_turtle' returned '2': CMAKE_PREFIX_PATH=${CMAKE_PREFIX_PATH}:/opt/ros/humble /usr/bin/cmake --build /home/kol/Documents/Robotics/Tests/cpp_turtle/build/cpp_turtle -- -j4 -l4
